<?xml version="1.0" encoding="UTF-8"?>
<testng-results ignored="0" total="1" passed="1" failed="0" skipped="0">
  <reporter-output>
  </reporter-output>
  <suite started-at="2023-03-10T12:21:19 IST" name="Default suite" finished-at="2023-03-10T12:25:41 IST" duration-ms="261547">
    <groups>
    </groups>
    <test started-at="2023-03-10T12:21:19 IST" name="Default test" finished-at="2023-03-10T12:25:41 IST" duration-ms="261547">
      <class name="reports.Reports">
        <test-method signature="script1()[pri:0, instance:reports.Reports@6a6afff2]" started-at="2023-03-10T12:21:19 IST" name="script1" finished-at="2023-03-10T12:25:41 IST" duration-ms="261501" status="PASS">
          <reporter-output>
          </reporter-output>
        </test-method> <!-- script1 -->
      </class> <!-- reports.Reports -->
    </test> <!-- Default test -->
  </suite> <!-- Default suite -->
</testng-results>
